

***********************************************************************
Fatal NI connect error 12545, connecting to:
 (DESCRIPTION=(ADDRESS=(PROTOCOL=TCP)(HOST=servidor)(PORT=1521))(CONNECT_DATA=(SERVER=DEDICATED)(SERVICE_NAME=XE)(CID=(PROGRAM=M:\Eficacia\Siscorp\minstalacao\SisCorp.exe)(HOST=RAFAELBUDAG-HP)(USER=Rafael?Budag))))

  VERSION INFORMATION:
	TNS for 32-bit Windows: Version 10.2.0.1.0 - Production
	Windows NT TCP/IP NT Protocol Adapter for 32-bit Windows: Version 10.2.0.1.0 - Production
  Time: 09-JUN-2011 17:14:21
  Tracing not turned on.
  Tns error struct:
    ns main err code: 12545
    TNS-12545: A conexão falhou porque o objeto ou host de destino não existe
    ns secondary err code: 12560
    nt main err code: 515
    TNS-00515: A conexão falhou porque o objeto ou host de destino não existe
    nt secondary err code: 1004
    nt OS err code: 0


***********************************************************************
Fatal NI connect error 12545, connecting to:
 (DESCRIPTION=(ADDRESS=(PROTOCOL=TCP)(HOST=srv-winapp)(PORT=1521))(CONNECT_DATA=(SERVER=DEDICATED)(SERVICE_NAME=XE)(CID=(PROGRAM=M:\Eficacia\Siscorp\minstalacao\EstoqueCusto.exe)(HOST=RAFAELBUDAG-HP)(USER=Rafael?Budag))))

  VERSION INFORMATION:
	TNS for 32-bit Windows: Version 10.2.0.1.0 - Production
	Windows NT TCP/IP NT Protocol Adapter for 32-bit Windows: Version 10.2.0.1.0 - Production
  Time: 13-JUN-2011 19:37:55
  Tracing not turned on.
  Tns error struct:
    ns main err code: 12545
    TNS-12545: A conexão falhou porque o objeto ou host de destino não existe
    ns secondary err code: 12560
    nt main err code: 515
    TNS-00515: A conexão falhou porque o objeto ou host de destino não existe
    nt secondary err code: 1004
    nt OS err code: 0


***********************************************************************
Fatal NI connect error 12545, connecting to:
 (DESCRIPTION=(ADDRESS=(PROTOCOL=TCP)(HOST=DELPHI11)(PORT=1521))(CONNECT_DATA=(SERVER=DEDICATED)(SERVICE_NAME=XE)(CID=(PROGRAM=M:\Eficacia\Siscorp\minstalacao\SisCorp.exe)(HOST=RAFAELBUDAG-HP)(USER=Rafael?Budag))))

  VERSION INFORMATION:
	TNS for 32-bit Windows: Version 10.2.0.1.0 - Production
	Windows NT TCP/IP NT Protocol Adapter for 32-bit Windows: Version 10.2.0.1.0 - Production
  Time: 14-JUN-2011 16:43:41
  Tracing not turned on.
  Tns error struct:
    ns main err code: 12545
    TNS-12545: A conexão falhou porque o objeto ou host de destino não existe
    ns secondary err code: 12560
    nt main err code: 515
    TNS-00515: A conexão falhou porque o objeto ou host de destino não existe
    nt secondary err code: 1001
    nt OS err code: 0


***********************************************************************
Fatal NI connect error 12545, connecting to:
 (DESCRIPTION=(ADDRESS=(PROTOCOL=TCP)(HOST=servidor)(PORT=1521))(CONNECT_DATA=(SERVER=DEDICATED)(SERVICE_NAME=XE)(CID=(PROGRAM=M:\Eficacia\Siscorp\minstalacao\SisCorp.exe)(HOST=RAFAELBUDAG-HP)(USER=Rafael?Budag))))

  VERSION INFORMATION:
	TNS for 32-bit Windows: Version 10.2.0.1.0 - Production
	Windows NT TCP/IP NT Protocol Adapter for 32-bit Windows: Version 10.2.0.1.0 - Production
  Time: 17-JUN-2011 11:14:35
  Tracing not turned on.
  Tns error struct:
    ns main err code: 12545
    TNS-12545: A conexão falhou porque o objeto ou host de destino não existe
    ns secondary err code: 12560
    nt main err code: 515
    TNS-00515: A conexão falhou porque o objeto ou host de destino não existe
    nt secondary err code: 1001
    nt OS err code: 0


***********************************************************************
Fatal NI connect error 12545, connecting to:
 (DESCRIPTION=(ADDRESS=(PROTOCOL=TCP)(HOST=servidor)(PORT=1521))(CONNECT_DATA=(SERVER=DEDICATED)(SERVICE_NAME=XE)(CID=(PROGRAM=M:\Eficacia\Siscorp\minstalacao\SisCorp.exe)(HOST=RAFAELBUDAG-HP)(USER=Rafael?Budag))))

  VERSION INFORMATION:
	TNS for 32-bit Windows: Version 10.2.0.1.0 - Production
	Windows NT TCP/IP NT Protocol Adapter for 32-bit Windows: Version 10.2.0.1.0 - Production
  Time: 17-JUN-2011 11:14:42
  Tracing not turned on.
  Tns error struct:
    ns main err code: 12545
    TNS-12545: A conexão falhou porque o objeto ou host de destino não existe
    ns secondary err code: 12560
    nt main err code: 515
    TNS-00515: A conexão falhou porque o objeto ou host de destino não existe
    nt secondary err code: 1001
    nt OS err code: 0


***********************************************************************
Fatal NI connect error 12545, connecting to:
 (DESCRIPTION=(ADDRESS=(PROTOCOL=TCP)(HOST=servidor)(PORT=1521))(CONNECT_DATA=(SERVER=DEDICATED)(SERVICE_NAME=XE)(CID=(PROGRAM=M:\Eficacia\Siscorp\minstalacao\SisCorp.exe)(HOST=RAFAELBUDAG-HP)(USER=Rafael?Budag))))

  VERSION INFORMATION:
	TNS for 32-bit Windows: Version 10.2.0.1.0 - Production
	Windows NT TCP/IP NT Protocol Adapter for 32-bit Windows: Version 10.2.0.1.0 - Production
  Time: 17-JUN-2011 11:17:52
  Tracing not turned on.
  Tns error struct:
    ns main err code: 12545
    TNS-12545: A conexão falhou porque o objeto ou host de destino não existe
    ns secondary err code: 12560
    nt main err code: 515
    TNS-00515: A conexão falhou porque o objeto ou host de destino não existe
    nt secondary err code: 1004
    nt OS err code: 0


***********************************************************************
Fatal NI connect error 12545, connecting to:
 (DESCRIPTION=(ADDRESS=(PROTOCOL=TCP)(HOST=servidor)(PORT=1521))(CONNECT_DATA=(SERVER=DEDICATED)(SERVICE_NAME=XE)(CID=(PROGRAM=M:\Eficacia\Siscorp\minstalacao\SisCorp.exe)(HOST=RAFAELBUDAG-HP)(USER=Rafael?Budag))))

  VERSION INFORMATION:
	TNS for 32-bit Windows: Version 10.2.0.1.0 - Production
	Windows NT TCP/IP NT Protocol Adapter for 32-bit Windows: Version 10.2.0.1.0 - Production
  Time: 17-JUN-2011 11:21:45
  Tracing not turned on.
  Tns error struct:
    ns main err code: 12545
    TNS-12545: A conexão falhou porque o objeto ou host de destino não existe
    ns secondary err code: 12560
    nt main err code: 515
    TNS-00515: A conexão falhou porque o objeto ou host de destino não existe
    nt secondary err code: 1001
    nt OS err code: 0


***********************************************************************
Fatal NI connect error 12545, connecting to:
 (DESCRIPTION=(ADDRESS=(PROTOCOL=TCP)(HOST=servidor)(PORT=1521))(CONNECT_DATA=(SERVER=DEDICATED)(SERVICE_NAME=XE)(CID=(PROGRAM=M:\Eficacia\Siscorp\minstalacao\SisCorp.exe)(HOST=RAFAELBUDAG-HP)(USER=Rafael?Budag))))

  VERSION INFORMATION:
	TNS for 32-bit Windows: Version 10.2.0.1.0 - Production
	Windows NT TCP/IP NT Protocol Adapter for 32-bit Windows: Version 10.2.0.1.0 - Production
  Time: 17-JUN-2011 11:21:51
  Tracing not turned on.
  Tns error struct:
    ns main err code: 12545
    TNS-12545: A conexão falhou porque o objeto ou host de destino não existe
    ns secondary err code: 12560
    nt main err code: 515
    TNS-00515: A conexão falhou porque o objeto ou host de destino não existe
    nt secondary err code: 1001
    nt OS err code: 0


***********************************************************************
Fatal NI connect error 12545, connecting to:
 (DESCRIPTION=(ADDRESS=(PROTOCOL=TCP)(HOST=servidor)(PORT=1521))(CONNECT_DATA=(SERVER=DEDICATED)(SERVICE_NAME=XE)(CID=(PROGRAM=M:\Eficacia\Siscorp\minstalacao\SisCorp.exe)(HOST=RAFAELBUDAG-HP)(USER=Rafael?Budag))))

  VERSION INFORMATION:
	TNS for 32-bit Windows: Version 10.2.0.1.0 - Production
	Windows NT TCP/IP NT Protocol Adapter for 32-bit Windows: Version 10.2.0.1.0 - Production
  Time: 17-JUN-2011 11:21:55
  Tracing not turned on.
  Tns error struct:
    ns main err code: 12545
    TNS-12545: A conexão falhou porque o objeto ou host de destino não existe
    ns secondary err code: 12560
    nt main err code: 515
    TNS-00515: A conexão falhou porque o objeto ou host de destino não existe
    nt secondary err code: 1004
    nt OS err code: 0


***********************************************************************
Fatal NI connect error 12545, connecting to:
 (DESCRIPTION=(ADDRESS=(PROTOCOL=TCP)(HOST=servidor)(PORT=1521))(CONNECT_DATA=(SERVER=DEDICATED)(SERVICE_NAME=XE)(CID=(PROGRAM=M:\Eficacia\Siscorp\minstalacao\SisCorp.exe)(HOST=RAFAELBUDAG-HP)(USER=Rafael?Budag))))

  VERSION INFORMATION:
	TNS for 32-bit Windows: Version 10.2.0.1.0 - Production
	Windows NT TCP/IP NT Protocol Adapter for 32-bit Windows: Version 10.2.0.1.0 - Production
  Time: 17-JUN-2011 11:22:33
  Tracing not turned on.
  Tns error struct:
    ns main err code: 12545
    TNS-12545: A conexão falhou porque o objeto ou host de destino não existe
    ns secondary err code: 12560
    nt main err code: 515
    TNS-00515: A conexão falhou porque o objeto ou host de destino não existe
    nt secondary err code: 1004
    nt OS err code: 0


***********************************************************************
Fatal NI connect error 12545, connecting to:
 (DESCRIPTION=(ADDRESS=(PROTOCOL=TCP)(HOST=servidor)(PORT=1521))(CONNECT_DATA=(SERVER=DEDICATED)(SERVICE_NAME=XE)(CID=(PROGRAM=M:\Eficacia\Siscorp\minstalacao\SisCorp.exe)(HOST=RAFAELBUDAG-HP)(USER=Rafael?Budag))))

  VERSION INFORMATION:
	TNS for 32-bit Windows: Version 10.2.0.1.0 - Production
	Windows NT TCP/IP NT Protocol Adapter for 32-bit Windows: Version 10.2.0.1.0 - Production
  Time: 17-JUN-2011 14:42:56
  Tracing not turned on.
  Tns error struct:
    ns main err code: 12545
    TNS-12545: A conexão falhou porque o objeto ou host de destino não existe
    ns secondary err code: 12560
    nt main err code: 515
    TNS-00515: A conexão falhou porque o objeto ou host de destino não existe
    nt secondary err code: 1004
    nt OS err code: 0


***********************************************************************
Fatal NI connect error 12545, connecting to:
 (DESCRIPTION=(ADDRESS=(PROTOCOL=TCP)(HOST=servidor)(PORT=1521))(CONNECT_DATA=(SERVER=DEDICATED)(SERVICE_NAME=XE)(CID=(PROGRAM=M:\Eficacia\Siscorp\minstalacao\BackupDados.exe)(HOST=RAFAELBUDAG-HP)(USER=Rafael?Budag))))

  VERSION INFORMATION:
	TNS for 32-bit Windows: Version 10.2.0.1.0 - Production
	Windows NT TCP/IP NT Protocol Adapter for 32-bit Windows: Version 10.2.0.1.0 - Production
  Time: 18-JUN-2011 17:18:42
  Tracing not turned on.
  Tns error struct:
    ns main err code: 12545
    TNS-12545: A conexão falhou porque o objeto ou host de destino não existe
    ns secondary err code: 12560
    nt main err code: 515
    TNS-00515: A conexão falhou porque o objeto ou host de destino não existe
    nt secondary err code: 1004
    nt OS err code: 0


***********************************************************************
Fatal NI connect error 12545, connecting to:
 (DESCRIPTION=(ADDRESS=(PROTOCOL=TCP)(HOST=delphi11)(PORT=1521))(CONNECT_DATA=(SERVER=DEDICATED)(SERVICE_NAME=XE)(CID=(PROGRAM=M:\Eficacia\Siscorp\minstalacao\SisCorp.exe)(HOST=RAFAELBUDAG-HP)(USER=Rafael?Budag))))

  VERSION INFORMATION:
	TNS for 32-bit Windows: Version 10.2.0.1.0 - Production
	Windows NT TCP/IP NT Protocol Adapter for 32-bit Windows: Version 10.2.0.1.0 - Production
  Time: 19-JUN-2011 21:30:01
  Tracing not turned on.
  Tns error struct:
    ns main err code: 12545
    TNS-12545: A conexão falhou porque o objeto ou host de destino não existe
    ns secondary err code: 12560
    nt main err code: 515
    TNS-00515: A conexão falhou porque o objeto ou host de destino não existe
    nt secondary err code: 1004
    nt OS err code: 0


***********************************************************************
Fatal NI connect error 12545, connecting to:
 (DESCRIPTION=(ADDRESS=(PROTOCOL=TCP)(HOST=delphi11)(PORT=1521))(CONNECT_DATA=(SERVER=DEDICATED)(SERVICE_NAME=XE)(CID=(PROGRAM=M:\Eficacia\Siscorp\minstalacao\SisCorp.exe)(HOST=RAFAELBUDAG-HP)(USER=Rafael?Budag))))

  VERSION INFORMATION:
	TNS for 32-bit Windows: Version 10.2.0.1.0 - Production
	Windows NT TCP/IP NT Protocol Adapter for 32-bit Windows: Version 10.2.0.1.0 - Production
  Time: 19-JUN-2011 21:32:25
  Tracing not turned on.
  Tns error struct:
    ns main err code: 12545
    TNS-12545: A conexão falhou porque o objeto ou host de destino não existe
    ns secondary err code: 12560
    nt main err code: 515
    TNS-00515: A conexão falhou porque o objeto ou host de destino não existe
    nt secondary err code: 1004
    nt OS err code: 0


***********************************************************************
Fatal NI connect error 12545, connecting to:
 (DESCRIPTION=(ADDRESS=(PROTOCOL=TCP)(HOST=servidor)(PORT=1521))(CONNECT_DATA=(SERVER=DEDICATED)(SERVICE_NAME=XE)(CID=(PROGRAM=M:\Eficacia\Siscorp\minstalacao\SisCorp.exe)(HOST=RAFAELBUDAG-HP)(USER=Rafael?Budag))))

  VERSION INFORMATION:
	TNS for 32-bit Windows: Version 10.2.0.1.0 - Production
	Windows NT TCP/IP NT Protocol Adapter for 32-bit Windows: Version 10.2.0.1.0 - Production
  Time: 21-JUN-2011 08:15:33
  Tracing not turned on.
  Tns error struct:
    ns main err code: 12545
    TNS-12545: A conexão falhou porque o objeto ou host de destino não existe
    ns secondary err code: 12560
    nt main err code: 515
    TNS-00515: A conexão falhou porque o objeto ou host de destino não existe
    nt secondary err code: 1004
    nt OS err code: 0


***********************************************************************
Fatal NI connect error 12170.

  VERSION INFORMATION:
	TNS for 32-bit Windows: Version 10.2.0.1.0 - Production
	Windows NT TCP/IP NT Protocol Adapter for 32-bit Windows: Version 10.2.0.1.0 - Production
  Time: 21-JUN-2011 08:16:26
  Tracing not turned on.
  Tns error struct:
    ns main err code: 12535
    TNS-12535: TNS:operação sofreu timeout
    ns secondary err code: 12560
    nt main err code: 505
    TNS-00505: Operação sofreu timeout
    nt secondary err code: 60
    nt OS err code: 0
  Client address: <unknown>


***********************************************************************
Fatal NI connect error 12170.

  VERSION INFORMATION:
	TNS for 32-bit Windows: Version 10.2.0.1.0 - Production
	Windows NT TCP/IP NT Protocol Adapter for 32-bit Windows: Version 10.2.0.1.0 - Production
  Time: 21-JUN-2011 08:16:52
  Tracing not turned on.
  Tns error struct:
    ns main err code: 12535
    TNS-12535: TNS:operação sofreu timeout
    ns secondary err code: 12560
    nt main err code: 505
    TNS-00505: Operação sofreu timeout
    nt secondary err code: 60
    nt OS err code: 0
  Client address: <unknown>


***********************************************************************
Fatal NI connect error 12170.

  VERSION INFORMATION:
	TNS for 32-bit Windows: Version 10.2.0.1.0 - Production
	Windows NT TCP/IP NT Protocol Adapter for 32-bit Windows: Version 10.2.0.1.0 - Production
  Time: 22-JUN-2011 08:29:11
  Tracing not turned on.
  Tns error struct:
    ns main err code: 12535
    TNS-12535: TNS:operação sofreu timeout
    ns secondary err code: 12560
    nt main err code: 505
    TNS-00505: Operação sofreu timeout
    nt secondary err code: 60
    nt OS err code: 0
  Client address: <unknown>


***********************************************************************
Fatal NI connect error 12545, connecting to:
 (DESCRIPTION=(ADDRESS=(PROTOCOL=TCP)(HOST=RAFAEL)(PORT=1521))(CONNECT_DATA=(SERVER=DEDICATED)(SERVICE_NAME=XE)(CID=(PROGRAM=M:\Eficacia\Siscorp\minstalacao\Financeiro.exe)(HOST=RAFAELBUDAG-HP)(USER=Rafael?Budag))))

  VERSION INFORMATION:
	TNS for 32-bit Windows: Version 10.2.0.1.0 - Production
	Windows NT TCP/IP NT Protocol Adapter for 32-bit Windows: Version 10.2.0.1.0 - Production
  Time: 22-JUN-2011 15:05:14
  Tracing not turned on.
  Tns error struct:
    ns main err code: 12545
    TNS-12545: A conexão falhou porque o objeto ou host de destino não existe
    ns secondary err code: 12560
    nt main err code: 515
    TNS-00515: A conexão falhou porque o objeto ou host de destino não existe
    nt secondary err code: 1004
    nt OS err code: 0


***********************************************************************
Fatal NI connect error 12545, connecting to:
 (DESCRIPTION=(ADDRESS=(PROTOCOL=TCP)(HOST=delphi11)(PORT=1521))(CONNECT_DATA=(SERVER=DEDICATED)(SERVICE_NAME=XE)(CID=(PROGRAM=M:\Eficacia\Siscorp\minstalacao\SisCorp.exe)(HOST=RAFAELBUDAG-HP)(USER=Rafael?Budag))))

  VERSION INFORMATION:
	TNS for 32-bit Windows: Version 10.2.0.1.0 - Production
	Windows NT TCP/IP NT Protocol Adapter for 32-bit Windows: Version 10.2.0.1.0 - Production
  Time: 26-JUN-2011 07:10:33
  Tracing not turned on.
  Tns error struct:
    ns main err code: 12545
    TNS-12545: A conexão falhou porque o objeto ou host de destino não existe
    ns secondary err code: 12560
    nt main err code: 515
    TNS-00515: A conexão falhou porque o objeto ou host de destino não existe
    nt secondary err code: 1004
    nt OS err code: 0


***********************************************************************
Fatal NI connect error 12520, connecting to:
 (DESCRIPTION=(ADDRESS=(PROTOCOL=TCP)(HOST=srv-winapp)(PORT=1521))(CONNECT_DATA=(SERVER=DEDICATED)(SERVICE_NAME=XE)(CID=(PROGRAM=M:\Eficacia\Siscorp\minstalacao\SisCorp.exe)(HOST=RAFAELBUDAG-HP)(USER=Rafael?Budag))))

  VERSION INFORMATION:
	TNS for 32-bit Windows: Version 10.2.0.1.0 - Production
	Windows NT TCP/IP NT Protocol Adapter for 32-bit Windows: Version 10.2.0.1.0 - Production
  Time: 27-JUN-2011 17:15:39
  Tracing not turned on.
  Tns error struct:
    ns main err code: 12564
    TNS-12564: TNS:conexão recusada
    ns secondary err code: 0
    nt main err code: 0
    nt secondary err code: 0
    nt OS err code: 0


***********************************************************************
Fatal NI connect error 12545, connecting to:
 (DESCRIPTION=(ADDRESS=(PROTOCOL=TCP)(HOST=delphi11)(PORT=1521))(CONNECT_DATA=(SERVER=DEDICATED)(SERVICE_NAME=XE)(CID=(PROGRAM=M:\Eficacia\Siscorp\minstalacao\SisCorp.exe)(HOST=RAFAELBUDAG-HP)(USER=Rafael?Budag))))

  VERSION INFORMATION:
	TNS for 32-bit Windows: Version 10.2.0.1.0 - Production
	Windows NT TCP/IP NT Protocol Adapter for 32-bit Windows: Version 10.2.0.1.0 - Production
  Time: 27-JUN-2011 18:32:26
  Tracing not turned on.
  Tns error struct:
    ns main err code: 12545
    TNS-12545: A conexão falhou porque o objeto ou host de destino não existe
    ns secondary err code: 12560
    nt main err code: 515
    TNS-00515: A conexão falhou porque o objeto ou host de destino não existe
    nt secondary err code: 1004
    nt OS err code: 0


***********************************************************************
Fatal NI connect error 12543, connecting to:
 (DESCRIPTION=(ADDRESS=(PROTOCOL=TCP)(HOST=10.1.1.201)(PORT=1521))(CONNECT_DATA=(SERVER=DEDICATED)(SERVICE_NAME=XE)(CID=(PROGRAM=m:\Eficacia\SisCorp\minstalacao\pontoloja.exe)(HOST=RAFAELBUDAG-HP)(USER=Rafael?Budag))))

  VERSION INFORMATION:
	TNS for 32-bit Windows: Version 10.2.0.1.0 - Production
	Windows NT TCP/IP NT Protocol Adapter for 32-bit Windows: Version 10.2.0.1.0 - Production
  Time: 28-JUN-2011 15:00:40
  Tracing not turned on.
  Tns error struct:
    ns main err code: 12543
    TNS-12543: TNS:host de destino inatingível
    ns secondary err code: 12560
    nt main err code: 513
    TNS-00513: O host de destino é inatingível
    nt secondary err code: 51
    nt OS err code: 0


***********************************************************************
Fatal NI connect error 12170.

  VERSION INFORMATION:
	TNS for 32-bit Windows: Version 10.2.0.1.0 - Production
	Windows NT TCP/IP NT Protocol Adapter for 32-bit Windows: Version 10.2.0.1.0 - Production
  Time: 28-JUN-2011 19:40:03
  Tracing not turned on.
  Tns error struct:
    ns main err code: 12535
    TNS-12535: TNS:operação sofreu timeout
    ns secondary err code: 12560
    nt main err code: 505
    TNS-00505: Operação sofreu timeout
    nt secondary err code: 60
    nt OS err code: 0
  Client address: <unknown>


***********************************************************************
Fatal NI connect error 12545, connecting to:
 (DESCRIPTION=(ADDRESS=(PROTOCOL=TCP)(HOST=SERVIDOR)(PORT=1521))(CONNECT_DATA=(SERVER=DEDICATED)(SERVICE_NAME=XE)(CID=(PROGRAM=M:\Eficacia\Siscorp\minstalacao\SisCorp.exe)(HOST=RAFAELBUDAG-HP)(USER=Rafael?Budag))))

  VERSION INFORMATION:
	TNS for 32-bit Windows: Version 10.2.0.1.0 - Production
	Windows NT TCP/IP NT Protocol Adapter for 32-bit Windows: Version 10.2.0.1.0 - Production
  Time: 29-JUN-2011 08:03:05
  Tracing not turned on.
  Tns error struct:
    ns main err code: 12545
    TNS-12545: A conexão falhou porque o objeto ou host de destino não existe
    ns secondary err code: 12560
    nt main err code: 515
    TNS-00515: A conexão falhou porque o objeto ou host de destino não existe
    nt secondary err code: 1004
    nt OS err code: 0


***********************************************************************
Fatal NI connect error 12170.

  VERSION INFORMATION:
	TNS for 32-bit Windows: Version 10.2.0.1.0 - Production
	Windows NT TCP/IP NT Protocol Adapter for 32-bit Windows: Version 10.2.0.1.0 - Production
  Time: 29-JUN-2011 10:59:01
  Tracing not turned on.
  Tns error struct:
    ns main err code: 12535
    TNS-12535: TNS:operação sofreu timeout
    ns secondary err code: 12560
    nt main err code: 505
    TNS-00505: Operação sofreu timeout
    nt secondary err code: 60
    nt OS err code: 0
  Client address: (ADDRESS=(PROTOCOL=tcp)(HOST=192.168.0.250)(PORT=1521))


***********************************************************************
Fatal NI connect error 12170.

  VERSION INFORMATION:
	TNS for 32-bit Windows: Version 10.2.0.1.0 - Production
	Windows NT TCP/IP NT Protocol Adapter for 32-bit Windows: Version 10.2.0.1.0 - Production
  Time: 30-JUN-2011 17:05:41
  Tracing not turned on.
  Tns error struct:
    ns main err code: 12535
    TNS-12535: TNS:operação sofreu timeout
    ns secondary err code: 12560
    nt main err code: 505
    TNS-00505: Operação sofreu timeout
    nt secondary err code: 60
    nt OS err code: 0
  Client address: (ADDRESS=(PROTOCOL=tcp)(HOST=10.1.1.254)(PORT=1521))


***********************************************************************
Fatal NI connect error 12545, connecting to:
 (DESCRIPTION=(ADDRESS=(PROTOCOL=TCP)(HOST=SERVIDOR)(PORT=1521))(CONNECT_DATA=(SERVER=DEDICATED)(SERVICE_NAME=XE)(CID=(PROGRAM=M:\Eficacia\Siscorp\minstalacao\SisCorp.exe)(HOST=RAFAELBUDAG-HP)(USER=Rafael?Budag))))

  VERSION INFORMATION:
	TNS for 32-bit Windows: Version 10.2.0.1.0 - Production
	Windows NT TCP/IP NT Protocol Adapter for 32-bit Windows: Version 10.2.0.1.0 - Production
  Time: 01-JUL-2011 07:21:28
  Tracing not turned on.
  Tns error struct:
    ns main err code: 12545
    TNS-12545: A conexão falhou porque o objeto ou host de destino não existe
    ns secondary err code: 12560
    nt main err code: 515
    TNS-00515: A conexão falhou porque o objeto ou host de destino não existe
    nt secondary err code: 1004
    nt OS err code: 0


***********************************************************************
Fatal NI connect error 12545, connecting to:
 (DESCRIPTION=(ADDRESS=(PROTOCOL=TCP)(HOST=Delphi11)(PORT=1521))(CONNECT_DATA=(SERVER=DEDICATED)(SERVICE_NAME=XE)(CID=(PROGRAM=M:\Eficacia\Siscorp\minstalacao\SisCorp.exe)(HOST=RAFAELBUDAG-HP)(USER=Rafael?Budag))))

  VERSION INFORMATION:
	TNS for 32-bit Windows: Version 10.2.0.1.0 - Production
	Windows NT TCP/IP NT Protocol Adapter for 32-bit Windows: Version 10.2.0.1.0 - Production
  Time: 03-JUL-2011 22:03:01
  Tracing not turned on.
  Tns error struct:
    ns main err code: 12545
    TNS-12545: A conexão falhou porque o objeto ou host de destino não existe
    ns secondary err code: 12560
    nt main err code: 515
    TNS-00515: A conexão falhou porque o objeto ou host de destino não existe
    nt secondary err code: 1004
    nt OS err code: 0


***********************************************************************
Fatal NI connect error 12545, connecting to:
 (DESCRIPTION=(ADDRESS=(PROTOCOL=TCP)(HOST=Delphi11)(PORT=1521))(CONNECT_DATA=(SERVER=DEDICATED)(SERVICE_NAME=XE)(CID=(PROGRAM=M:\Eficacia\Siscorp\minstalacao\SisCorp.exe)(HOST=RAFAELBUDAG-HP)(USER=Rafael?Budag))))

  VERSION INFORMATION:
	TNS for 32-bit Windows: Version 10.2.0.1.0 - Production
	Windows NT TCP/IP NT Protocol Adapter for 32-bit Windows: Version 10.2.0.1.0 - Production
  Time: 03-JUL-2011 22:03:19
  Tracing not turned on.
  Tns error struct:
    ns main err code: 12545
    TNS-12545: A conexão falhou porque o objeto ou host de destino não existe
    ns secondary err code: 12560
    nt main err code: 515
    TNS-00515: A conexão falhou porque o objeto ou host de destino não existe
    nt secondary err code: 1004
    nt OS err code: 0


***********************************************************************
Fatal NI connect error 12545, connecting to:
 (DESCRIPTION=(ADDRESS=(PROTOCOL=TCP)(HOST=Delphi11)(PORT=1521))(CONNECT_DATA=(SERVER=DEDICATED)(SERVICE_NAME=XE)(CID=(PROGRAM=M:\Eficacia\Siscorp\minstalacao\SisCorp.exe)(HOST=RAFAELBUDAG-HP)(USER=Rafael?Budag))))

  VERSION INFORMATION:
	TNS for 32-bit Windows: Version 10.2.0.1.0 - Production
	Windows NT TCP/IP NT Protocol Adapter for 32-bit Windows: Version 10.2.0.1.0 - Production
  Time: 03-JUL-2011 22:03:50
  Tracing not turned on.
  Tns error struct:
    ns main err code: 12545
    TNS-12545: A conexão falhou porque o objeto ou host de destino não existe
    ns secondary err code: 12560
    nt main err code: 515
    TNS-00515: A conexão falhou porque o objeto ou host de destino não existe
    nt secondary err code: 1004
    nt OS err code: 0


***********************************************************************
Fatal NI connect error 12545, connecting to:
 (DESCRIPTION=(ADDRESS=(PROTOCOL=TCP)(HOST=SERVIDOR)(PORT=1521))(CONNECT_DATA=(SERVER=DEDICATED)(SERVICE_NAME=XE)(CID=(PROGRAM=M:\Eficacia\Siscorp\minstalacao\SisCorp.exe)(HOST=RAFAELBUDAG-HP)(USER=Rafael?Budag))))

  VERSION INFORMATION:
	TNS for 32-bit Windows: Version 10.2.0.1.0 - Production
	Windows NT TCP/IP NT Protocol Adapter for 32-bit Windows: Version 10.2.0.1.0 - Production
  Time: 07-JUL-2011 08:01:37
  Tracing not turned on.
  Tns error struct:
    ns main err code: 12545
    TNS-12545: A conexão falhou porque o objeto ou host de destino não existe
    ns secondary err code: 12560
    nt main err code: 515
    TNS-00515: A conexão falhou porque o objeto ou host de destino não existe
    nt secondary err code: 1004
    nt OS err code: 0


***********************************************************************
Fatal NI connect error 12545, connecting to:
 (DESCRIPTION=(ADDRESS=(PROTOCOL=TCP)(HOST=w2008ad)(PORT=1521))(CONNECT_DATA=(SERVER=DEDICATED)(SERVICE_NAME=XE)(CID=(PROGRAM=M:\Eficacia\Siscorp\minstalacao\Financeiro.exe)(HOST=RAFAELBUDAG-HP)(USER=Rafael?Budag))))

  VERSION INFORMATION:
	TNS for 32-bit Windows: Version 10.2.0.1.0 - Production
	Windows NT TCP/IP NT Protocol Adapter for 32-bit Windows: Version 10.2.0.1.0 - Production
  Time: 08-JUL-2011 15:13:42
  Tracing not turned on.
  Tns error struct:
    ns main err code: 12545
    TNS-12545: A conexão falhou porque o objeto ou host de destino não existe
    ns secondary err code: 12560
    nt main err code: 515
    TNS-00515: A conexão falhou porque o objeto ou host de destino não existe
    nt secondary err code: 1001
    nt OS err code: 0


***********************************************************************
Fatal NI connect error 12560, connecting to:
 (DESCRIPTION=(ADDRESS=(PROTOCOL=TCP)(HOST=10.1.1.179)(PORT=1521))(CONNECT_DATA=(SERVER=DEDICATED)(SERVICE_NAME=XE)(CID=(PROGRAM=m:\Eficacia\SisCorp\minstalacao\pontoloja.exe)(HOST=RAFAELBUDAG-HP)(USER=Rafael?Budag))))

  VERSION INFORMATION:
	TNS for 32-bit Windows: Version 10.2.0.1.0 - Production
	Windows NT TCP/IP NT Protocol Adapter for 32-bit Windows: Version 10.2.0.1.0 - Production
  Time: 11-JUL-2011 09:40:07
  Tracing not turned on.
  Tns error struct:
    ns main err code: 12560
    TNS-12560: TNS:erro de adaptador de protocolo
    ns secondary err code: 0
    nt main err code: 538
    TNS-00538: Message 538 not found;  product=NETWORK; facility=TNS

    nt secondary err code: 65
    nt OS err code: 0


***********************************************************************
Fatal NI connect error 12560, connecting to:
 (DESCRIPTION=(ADDRESS=(PROTOCOL=TCP)(HOST=10.1.1.179)(PORT=1521))(CONNECT_DATA=(SERVER=DEDICATED)(SERVICE_NAME=XE)(CID=(PROGRAM=M:\Eficacia\Siscorp\minstalacao\SisCorp.exe)(HOST=RAFAELBUDAG-HP)(USER=Rafael?Budag))))

  VERSION INFORMATION:
	TNS for 32-bit Windows: Version 10.2.0.1.0 - Production
	Windows NT TCP/IP NT Protocol Adapter for 32-bit Windows: Version 10.2.0.1.0 - Production
  Time: 11-JUL-2011 11:52:59
  Tracing not turned on.
  Tns error struct:
    ns main err code: 12560
    TNS-12560: TNS:erro de adaptador de protocolo
    ns secondary err code: 0
    nt main err code: 538
    TNS-00538: Message 538 not found;  product=NETWORK; facility=TNS

    nt secondary err code: 65
    nt OS err code: 0


***********************************************************************
Fatal NI connect error 12170.

  VERSION INFORMATION:
	TNS for 32-bit Windows: Version 10.2.0.1.0 - Production
	Windows NT TCP/IP NT Protocol Adapter for 32-bit Windows: Version 10.2.0.1.0 - Production
  Time: 11-JUL-2011 14:29:33
  Tracing not turned on.
  Tns error struct:
    ns main err code: 12535
    TNS-12535: TNS:operação sofreu timeout
    ns secondary err code: 12560
    nt main err code: 505
    TNS-00505: Operação sofreu timeout
    nt secondary err code: 60
    nt OS err code: 0
  Client address: <unknown>


***********************************************************************
Fatal NI connect error 12170.

  VERSION INFORMATION:
	TNS for 32-bit Windows: Version 10.2.0.1.0 - Production
	Windows NT TCP/IP NT Protocol Adapter for 32-bit Windows: Version 10.2.0.1.0 - Production
  Time: 11-JUL-2011 14:29:40
  Tracing not turned on.
  Tns error struct:
    ns main err code: 12535
    TNS-12535: TNS:operação sofreu timeout
    ns secondary err code: 12560
    nt main err code: 505
    TNS-00505: Operação sofreu timeout
    nt secondary err code: 60
    nt OS err code: 0
  Client address: <unknown>


***********************************************************************
Fatal NI connect error 12545, connecting to:
 (DESCRIPTION=(ADDRESS=(PROTOCOL=TCP)(HOST=SERVIDOR)(PORT=1521))(CONNECT_DATA=(SERVER=DEDICATED)(SERVICE_NAME=XE)(CID=(PROGRAM=M:\Eficacia\Siscorp\minstalacao\pontoloja.exe)(HOST=RAFAELBUDAG-HP)(USER=Rafael?Budag))))

  VERSION INFORMATION:
	TNS for 32-bit Windows: Version 10.2.0.1.0 - Production
	Windows NT TCP/IP NT Protocol Adapter for 32-bit Windows: Version 10.2.0.1.0 - Production
  Time: 12-JUL-2011 08:14:32
  Tracing not turned on.
  Tns error struct:
    ns main err code: 12545
    TNS-12545: A conexão falhou porque o objeto ou host de destino não existe
    ns secondary err code: 12560
    nt main err code: 515
    TNS-00515: A conexão falhou porque o objeto ou host de destino não existe
    nt secondary err code: 1004
    nt OS err code: 0


***********************************************************************
Fatal NI connect error 12170.

  VERSION INFORMATION:
	TNS for 32-bit Windows: Version 10.2.0.1.0 - Production
	Windows NT TCP/IP NT Protocol Adapter for 32-bit Windows: Version 10.2.0.1.0 - Production
  Time: 13-JUL-2011 06:34:43
  Tracing not turned on.
  Tns error struct:
    ns main err code: 12535
    TNS-12535: TNS:operação sofreu timeout
    ns secondary err code: 12560
    nt main err code: 505
    TNS-00505: Operação sofreu timeout
    nt secondary err code: 60
    nt OS err code: 0
  Client address: <unknown>


***********************************************************************
Fatal NI connect error 12543, connecting to:
 (DESCRIPTION=(ADDRESS=(PROTOCOL=TCP)(HOST=10.1.1.179)(PORT=1521))(CONNECT_DATA=(SERVER=DEDICATED)(SERVICE_NAME=XE)(CID=(PROGRAM=M:\Eficacia\Siscorp\minstalacao\SisCorp.exe)(HOST=RAFAELBUDAG-HP)(USER=Rafael?Budag))))

  VERSION INFORMATION:
	TNS for 32-bit Windows: Version 10.2.0.1.0 - Production
	Windows NT TCP/IP NT Protocol Adapter for 32-bit Windows: Version 10.2.0.1.0 - Production
  Time: 14-JUL-2011 08:03:10
  Tracing not turned on.
  Tns error struct:
    ns main err code: 12543
    TNS-12543: TNS:host de destino inatingível
    ns secondary err code: 12560
    nt main err code: 513
    TNS-00513: O host de destino é inatingível
    nt secondary err code: 51
    nt OS err code: 0


***********************************************************************
Fatal NI connect error 12170.

  VERSION INFORMATION:
	TNS for 32-bit Windows: Version 10.2.0.1.0 - Production
	Windows NT TCP/IP NT Protocol Adapter for 32-bit Windows: Version 10.2.0.1.0 - Production
  Time: 14-JUL-2011 09:11:17
  Tracing not turned on.
  Tns error struct:
    ns main err code: 12535
    TNS-12535: TNS:operação sofreu timeout
    ns secondary err code: 12560
    nt main err code: 505
    TNS-00505: Operação sofreu timeout
    nt secondary err code: 60
    nt OS err code: 0
  Client address: (ADDRESS=(PROTOCOL=tcp)(HOST=10.1.1.179)(PORT=1521))


***********************************************************************
Fatal NI connect error 12545, connecting to:
 (DESCRIPTION=(ADDRESS=(PROTOCOL=TCP)(HOST=servidor)(PORT=1521))(CONNECT_DATA=(SERVER=DEDICATED)(SERVICE_NAME=XE)(CID=(PROGRAM=M:\Eficacia\Siscorp\minstalacao\BackupDados.exe)(HOST=RAFAELBUDAG-HP)(USER=Rafael?Budag))))

  VERSION INFORMATION:
	TNS for 32-bit Windows: Version 10.2.0.1.0 - Production
	Windows NT TCP/IP NT Protocol Adapter for 32-bit Windows: Version 10.2.0.1.0 - Production
  Time: 15-JUL-2011 06:41:38
  Tracing not turned on.
  Tns error struct:
    ns main err code: 12545
    TNS-12545: A conexão falhou porque o objeto ou host de destino não existe
    ns secondary err code: 12560
    nt main err code: 515
    TNS-00515: A conexão falhou porque o objeto ou host de destino não existe
    nt secondary err code: 1004
    nt OS err code: 0


***********************************************************************
Fatal NI connect error 12545, connecting to:
 (DESCRIPTION=(ADDRESS=(PROTOCOL=TCP)(HOST=servidor)(PORT=1521))(CONNECT_DATA=(SERVER=DEDICATED)(SERVICE_NAME=XE)(CID=(PROGRAM=M:\Eficacia\Siscorp\minstalacao\Financeiro.exe)(HOST=RAFAELBUDAG-HP)(USER=Rafael?Budag))))

  VERSION INFORMATION:
	TNS for 32-bit Windows: Version 10.2.0.1.0 - Production
	Windows NT TCP/IP NT Protocol Adapter for 32-bit Windows: Version 10.2.0.1.0 - Production
  Time: 15-JUL-2011 06:41:42
  Tracing not turned on.
  Tns error struct:
    ns main err code: 12545
    TNS-12545: A conexão falhou porque o objeto ou host de destino não existe
    ns secondary err code: 12560
    nt main err code: 515
    TNS-00515: A conexão falhou porque o objeto ou host de destino não existe
    nt secondary err code: 1004
    nt OS err code: 0


***********************************************************************
Fatal NI connect error 12170.

  VERSION INFORMATION:
	TNS for 32-bit Windows: Version 10.2.0.1.0 - Production
	Windows NT TCP/IP NT Protocol Adapter for 32-bit Windows: Version 10.2.0.1.0 - Production
  Time: 19-JUL-2011 06:07:37
  Tracing not turned on.
  Tns error struct:
    ns main err code: 12535
    TNS-12535: TNS:operação sofreu timeout
    ns secondary err code: 12560
    nt main err code: 505
    TNS-00505: Operação sofreu timeout
    nt secondary err code: 60
    nt OS err code: 0
  Client address: <unknown>


***********************************************************************
Fatal NI connect error 12545, connecting to:
 (DESCRIPTION=(ADDRESS=(PROTOCOL=TCP)(HOST=servidor)(PORT=1521))(CONNECT_DATA=(SERVER=DEDICATED)(SERVICE_NAME=XE)(CID=(PROGRAM=M:\Eficacia\Siscorp\minstalacao\SisCorp.exe)(HOST=RAFAELBUDAG-HP)(USER=Rafael?Budag))))

  VERSION INFORMATION:
	TNS for 32-bit Windows: Version 10.2.0.1.0 - Production
	Windows NT TCP/IP NT Protocol Adapter for 32-bit Windows: Version 10.2.0.1.0 - Production
  Time: 21-JUL-2011 10:45:05
  Tracing not turned on.
  Tns error struct:
    ns main err code: 12545
    TNS-12545: A conexão falhou porque o objeto ou host de destino não existe
    ns secondary err code: 12560
    nt main err code: 515
    TNS-00515: A conexão falhou porque o objeto ou host de destino não existe
    nt secondary err code: 1001
    nt OS err code: 0


***********************************************************************
Fatal NI connect error 12170.

  VERSION INFORMATION:
	TNS for 32-bit Windows: Version 10.2.0.1.0 - Production
	Windows NT TCP/IP NT Protocol Adapter for 32-bit Windows: Version 10.2.0.1.0 - Production
  Time: 21-JUL-2011 11:05:36
  Tracing not turned on.
  Tns error struct:
    ns main err code: 12535
    TNS-12535: TNS:operação sofreu timeout
    ns secondary err code: 12560
    nt main err code: 505
    TNS-00505: Operação sofreu timeout
    nt secondary err code: 60
    nt OS err code: 0
  Client address: (ADDRESS=(PROTOCOL=tcp)(HOST=192.168.0.100)(PORT=1521))


***********************************************************************
Fatal NI connect error 12170.

  VERSION INFORMATION:
	TNS for 32-bit Windows: Version 10.2.0.1.0 - Production
	Windows NT TCP/IP NT Protocol Adapter for 32-bit Windows: Version 10.2.0.1.0 - Production
  Time: 21-JUL-2011 11:05:47
  Tracing not turned on.
  Tns error struct:
    ns main err code: 12535
    TNS-12535: TNS:operação sofreu timeout
    ns secondary err code: 12560
    nt main err code: 505
    TNS-00505: Operação sofreu timeout
    nt secondary err code: 60
    nt OS err code: 0
  Client address: (ADDRESS=(PROTOCOL=tcp)(HOST=192.168.0.100)(PORT=1521))


***********************************************************************
Fatal NI connect error 12170.

  VERSION INFORMATION:
	TNS for 32-bit Windows: Version 10.2.0.1.0 - Production
	Windows NT TCP/IP NT Protocol Adapter for 32-bit Windows: Version 10.2.0.1.0 - Production
  Time: 21-JUL-2011 11:10:02
  Tracing not turned on.
  Tns error struct:
    ns main err code: 12535
    TNS-12535: TNS:operação sofreu timeout
    ns secondary err code: 12560
    nt main err code: 505
    TNS-00505: Operação sofreu timeout
    nt secondary err code: 60
    nt OS err code: 0
  Client address: <unknown>


***********************************************************************
Fatal NI connect error 12545, connecting to:
 (DESCRIPTION=(ADDRESS=(PROTOCOL=TCP)(HOST=server)(PORT=1521))(CONNECT_DATA=(SERVER=DEDICATED)(SERVICE_NAME=XE)(CID=(PROGRAM=M:\Eficacia\Siscorp\minstalacao\SisCorp.exe)(HOST=RAFAELBUDAG-HP)(USER=Rafael?Budag))))

  VERSION INFORMATION:
	TNS for 32-bit Windows: Version 10.2.0.1.0 - Production
	Windows NT TCP/IP NT Protocol Adapter for 32-bit Windows: Version 10.2.0.1.0 - Production
  Time: 21-JUL-2011 16:41:17
  Tracing not turned on.
  Tns error struct:
    ns main err code: 12545
    TNS-12545: A conexão falhou porque o objeto ou host de destino não existe
    ns secondary err code: 12560
    nt main err code: 515
    TNS-00515: A conexão falhou porque o objeto ou host de destino não existe
    nt secondary err code: 1004
    nt OS err code: 0


***********************************************************************
Fatal NI connect error 12170.

  VERSION INFORMATION:
	TNS for 32-bit Windows: Version 10.2.0.1.0 - Production
	Windows NT TCP/IP NT Protocol Adapter for 32-bit Windows: Version 10.2.0.1.0 - Production
  Time: 23-JUL-2011 07:32:05
  Tracing not turned on.
  Tns error struct:
    ns main err code: 12535
    TNS-12535: TNS:operação sofreu timeout
    ns secondary err code: 12560
    nt main err code: 505
    TNS-00505: Operação sofreu timeout
    nt secondary err code: 60
    nt OS err code: 0
  Client address: <unknown>
