

***********************************************************************
Fatal NI connect error 12520, connecting to:
 (DESCRIPTION=(ADDRESS=(PROTOCOL=TCP)(HOST=192.168.1.253)(PORT=1522))(CONNECT_DATA=(SERVER=DEDICATED)(SERVICE_NAME=XE)(CID=(PROGRAM=C:\Arquivos de programas\CodeGear\RAD Studio\6.0\bin\bds.exe)(HOST=BUDAG)(USER=Rafael?Budag))))

  VERSION INFORMATION:
	TNS for 32-bit Windows: Version 10.2.0.1.0 - Production
	Windows NT TCP/IP NT Protocol Adapter for 32-bit Windows: Version 10.2.0.1.0 - Production
  Time: 07-JUL-2009 09:08:34
  Tracing not turned on.
  Tns error struct:
    ns main err code: 12564
    TNS-12564: TNS:conexão recusada
    ns secondary err code: 0
    nt main err code: 0
    nt secondary err code: 0
    nt OS err code: 0


***********************************************************************
Fatal NI connect error 12520, connecting to:
 (DESCRIPTION=(ADDRESS=(PROTOCOL=TCP)(HOST=192.168.1.253)(PORT=1522))(CONNECT_DATA=(SERVER=DEDICATED)(SERVICE_NAME=XE)(CID=(PROGRAM=C:\Arquivos de programas\CodeGear\RAD Studio\6.0\bin\bds.exe)(HOST=BUDAG)(USER=Rafael?Budag))))

  VERSION INFORMATION:
	TNS for 32-bit Windows: Version 10.2.0.1.0 - Production
	Windows NT TCP/IP NT Protocol Adapter for 32-bit Windows: Version 10.2.0.1.0 - Production
  Time: 07-JUL-2009 09:08:40
  Tracing not turned on.
  Tns error struct:
    ns main err code: 12564
    TNS-12564: TNS:conexão recusada
    ns secondary err code: 0
    nt main err code: 0
    nt secondary err code: 0
    nt OS err code: 0


***********************************************************************
Fatal NI connect error 12520, connecting to:
 (DESCRIPTION=(ADDRESS=(PROTOCOL=TCP)(HOST=192.168.1.253)(PORT=1522))(CONNECT_DATA=(SERVER=DEDICATED)(SERVICE_NAME=XE)(CID=(PROGRAM=C:\Arquivos de programas\CodeGear\RAD Studio\6.0\bin\bds.exe)(HOST=BUDAG)(USER=Rafael?Budag))))

  VERSION INFORMATION:
	TNS for 32-bit Windows: Version 10.2.0.1.0 - Production
	Windows NT TCP/IP NT Protocol Adapter for 32-bit Windows: Version 10.2.0.1.0 - Production
  Time: 07-JUL-2009 09:08:58
  Tracing not turned on.
  Tns error struct:
    ns main err code: 12564
    TNS-12564: TNS:conexão recusada
    ns secondary err code: 0
    nt main err code: 0
    nt secondary err code: 0
    nt OS err code: 0
